Determining if the pthread_create exist failed with the following output:
Change Dir: /home/matt/CLionProjects/SystemsProjects/yashd/cmake-build-debug/CMakeFiles/CMakeTmp

Run Build Command:"/usr/bin/make" "cmTC_d37d8/fast"
/usr/bin/make -f CMakeFiles/cmTC_d37d8.dir/build.make CMakeFiles/cmTC_d37d8.dir/build
make[1]: Entering directory '/home/matt/CLionProjects/SystemsProjects/yashd/cmake-build-debug/CMakeFiles/CMakeTmp'
Building C object CMakeFiles/cmTC_d37d8.dir/CheckSymbolExists.c.o
/usr/bin/cc   -std=gnu99 -o CMakeFiles/cmTC_d37d8.dir/CheckSymbolExists.c.o   -c /home/matt/CLionProjects/SystemsProjects/yashd/cmake-build-debug/CMakeFiles/CMakeTmp/CheckSymbolExists.c
Linking C executable cmTC_d37d8
/opt/clion-2017.2.2/bin/cmake/bin/cmake -E cmake_link_script CMakeFiles/cmTC_d37d8.dir/link.txt --verbose=1
/usr/bin/cc      CMakeFiles/cmTC_d37d8.dir/CheckSymbolExists.c.o  -o cmTC_d37d8 
CMakeFiles/cmTC_d37d8.dir/CheckSymbolExists.c.o: In function `main':
CheckSymbolExists.c:(.text+0x1b): undefined reference to `pthread_create'
collect2: error: ld returned 1 exit status
CMakeFiles/cmTC_d37d8.dir/build.make:97: recipe for target 'cmTC_d37d8' failed
make[1]: *** [cmTC_d37d8] Error 1
make[1]: Leaving directory '/home/matt/CLionProjects/SystemsProjects/yashd/cmake-build-debug/CMakeFiles/CMakeTmp'
Makefile:126: recipe for target 'cmTC_d37d8/fast' failed
make: *** [cmTC_d37d8/fast] Error 2

File /home/matt/CLionProjects/SystemsProjects/yashd/cmake-build-debug/CMakeFiles/CMakeTmp/CheckSymbolExists.c:
/* */
#include <pthread.h>

int main(int argc, char** argv)
{
  (void)argv;
#ifndef pthread_create
  return ((int*)(&pthread_create))[argc];
#else
  (void)argc;
  return 0;
#endif
}

Determining if the function pthread_create exists in the pthreads failed with the following output:
Change Dir: /home/matt/CLionProjects/SystemsProjects/yashd/cmake-build-debug/CMakeFiles/CMakeTmp

Run Build Command:"/usr/bin/make" "cmTC_191b0/fast"
/usr/bin/make -f CMakeFiles/cmTC_191b0.dir/build.make CMakeFiles/cmTC_191b0.dir/build
make[1]: Entering directory '/home/matt/CLionProjects/SystemsProjects/yashd/cmake-build-debug/CMakeFiles/CMakeTmp'
Building C object CMakeFiles/cmTC_191b0.dir/CheckFunctionExists.c.o
/usr/bin/cc   -DCHECK_FUNCTION_EXISTS=pthread_create   -std=gnu99 -o CMakeFiles/cmTC_191b0.dir/CheckFunctionExists.c.o   -c /opt/clion-2017.2.2/bin/cmake/share/cmake-3.8/Modules/CheckFunctionExists.c
Linking C executable cmTC_191b0
/opt/clion-2017.2.2/bin/cmake/bin/cmake -E cmake_link_script CMakeFiles/cmTC_191b0.dir/link.txt --verbose=1
/usr/bin/cc  -DCHECK_FUNCTION_EXISTS=pthread_create    CMakeFiles/cmTC_191b0.dir/CheckFunctionExists.c.o  -o cmTC_191b0 -lpthreads 
/usr/bin/ld: cannot find -lpthreads
collect2: error: ld returned 1 exit status
CMakeFiles/cmTC_191b0.dir/build.make:97: recipe for target 'cmTC_191b0' failed
make[1]: *** [cmTC_191b0] Error 1
make[1]: Leaving directory '/home/matt/CLionProjects/SystemsProjects/yashd/cmake-build-debug/CMakeFiles/CMakeTmp'
Makefile:126: recipe for target 'cmTC_191b0/fast' failed
make: *** [cmTC_191b0/fast] Error 2


